<?xml version="1.0" encoding="UTF-8"?>
<!-- Generated by org.testng.reporters.JUnitReportReporter -->
<testsuite skipped="1" hostname="SSTPRLAP002" name="com.SST.testcases.TES_T2_AddCustomerTest" tests="4" failures="0" timestamp="21 Sep 2018 07:08:55 GMT" time="14.424" errors="0">
  <testcase name="addCustomerTest" time="4.503" classname="com.SST.testcases.TES_T2_AddCustomerTest"/>
  <testcase name="addCustomerTest" time="4.539" classname="com.SST.testcases.TES_T2_AddCustomerTest"/>
  <testcase name="addCustomerTest" time="5.382" classname="com.SST.testcases.TES_T2_AddCustomerTest"/>
  <testcase name="addCustomerTest" time="0.000" classname="com.SST.testcases.TES_T2_AddCustomerTest">
    <skipped/>
  </testcase> <!-- addCustomerTest -->
</testsuite> <!-- com.SST.testcases.TES_T2_AddCustomerTest -->
