<?xml version="1.0" encoding="UTF-8"?>
<!-- Generated by org.testng.reporters.JUnitReportReporter -->
<testsuite skipped="0" hostname="SSTPRLAP002" name="com.SST.testcases.TES_T3_OpenAccountTest" tests="1" failures="0" timestamp="21 Sep 2018 07:08:55 GMT" time="2.841" errors="0">
  <testcase name="openAccountTest" time="2.841" classname="com.SST.testcases.TES_T3_OpenAccountTest"/>
</testsuite> <!-- com.SST.testcases.TES_T3_OpenAccountTest -->
